imagepicker/build/intermediates/manifest_merge_blame_file/debug/manifest-merger-blame-debug-report.txt
1<?xml version="1.0" encoding="utf-8"?>
2<manifest xmlns:android="http://schemas.android.com/apk/res/android"
3    package="com.nguyenhoanglam.imagepicker"
4    android:versionCode="1"
5    android:versionName="1.0" >
6
7    <uses-sdk
8        android:minSdkVersion="21"
8-->src/main/AndroidManifest.xml
9        android:targetSdkVersion="29" />
9-->src/main/AndroidManifest.xml
10
11    <uses-permission android:name="android.permission.READ_EXTERNAL_STORAGE" />
11-->src/main/AndroidManifest.xml:5:5-80
11-->src/main/AndroidManifest.xml:5:22-77
12    <uses-permission android:name="android.permission.WRITE_EXTERNAL_STORAGE" />
12-->src/main/AndroidManifest.xml:6:5-81
12-->src/main/AndroidManifest.xml:6:22-78
13    <uses-permission android:name="android.permission.CAMERA" />
13-->src/main/AndroidManifest.xml:7:5-65
13-->src/main/AndroidManifest.xml:7:22-62
14
15    <application
15-->src/main/AndroidManifest.xml:10:5-30:19
16        android:allowBackup="true"
16-->src/main/AndroidManifest.xml:11:9-35
17        android:label="@string/app_name"
17-->src/main/AndroidManifest.xml:12:9-41
18        android:supportsRtl="true"
18-->src/main/AndroidManifest.xml:13:9-35
19        android:theme="@style/AppTheme" >
19-->src/main/AndroidManifest.xml:14:9-40
20        <activity
20-->src/main/AndroidManifest.xml:15:9-19:55
21            android:name="com.nguyenhoanglam.imagepicker.activity.ImagePickerActivity"
21-->src/main/AndroidManifest.xml:16:13-57
22            android:configChanges="orientation|screenSize"
22-->src/main/AndroidManifest.xml:17:13-59
23            android:label="@string/app_name"
23-->src/main/AndroidManifest.xml:18:13-45
24            android:theme="@style/ImagePickerTheme" />
24-->src/main/AndroidManifest.xml:19:13-52
25
26        <provider
26-->src/main/AndroidManifest.xml:21:9-29:20
27            android:name="androidx.core.content.FileProvider"
27-->src/main/AndroidManifest.xml:22:13-62
28            android:authorities="${applicationId}.provider"
28-->src/main/AndroidManifest.xml:23:13-60
29            android:exported="false"
29-->src/main/AndroidManifest.xml:24:13-37
30            android:grantUriPermissions="true" >
30-->src/main/AndroidManifest.xml:25:13-47
31            <meta-data
31-->src/main/AndroidManifest.xml:26:13-28:58
32                android:name="android.support.FILE_PROVIDER_PATHS"
32-->src/main/AndroidManifest.xml:27:17-67
33                android:resource="@xml/provider_paths" />
33-->src/main/AndroidManifest.xml:28:17-55
34        </provider>
35    </application>
36
37</manifest>